Info: Starting: Create block symbol file (.bsf)
Info: ip-generate --project-directory="C:/Users/Ramon Silva/Documents/GitHub/Conect to IoT/" --output-directory="C:/Users/Ramon Silva/Documents/GitHub/Conect to IoT/Project2/" --report-file="bsf:C:/Users/Ramon Silva/Documents/GitHub/Conect to IoT/Project2.bsf" --system-info=DEVICE_FAMILY="Cyclone IV E" --system-info=DEVICE=EP4CE30F23C7 --system-info=DEVICE_SPEEDGRADE=7 --component-file="C:/Users/Ramon Silva/Documents/GitHub/Conect to IoT/Project2.qsys"
Progress: Loading Conect to IoT/Project2.qsys
Progress: Reading input file
Progress: Adding clk_0 [clock_source 13.0]
Progress: Parameterizing module clk_0
Progress: Adding nios2_qsys_0 [altera_nios2_qsys 13.0]
Progress: Parameterizing module nios2_qsys_0
Progress: Adding onchip_memory2_0 [altera_avalon_onchip_memory2 13.0.1.99.2]
Progress: Parameterizing module onchip_memory2_0
Progress: Adding jtag_uart_0 [altera_avalon_jtag_uart 13.0.1.99.2]
Progress: Parameterizing module jtag_uart_0
Progress: Adding rs232_0 [altera_up_avalon_rs232 13.0]
Progress: Parameterizing module rs232_0
Progress: Adding buttons [altera_avalon_pio 13.0.1.99.2]
Progress: Parameterizing module buttons
Progress: Adding lcd_0 [lcd 1.0]
Progress: Parameterizing module lcd_0
Progress: Building connections
Progress: Parameterizing connections
Progress: Validating
Progress: Done reading input file
Info: Project2.buttons: PIO inputs are not hardwired in test bench. Undefined values will be read from PIO inputs during simulation.
Info: ip-generate succeeded.
Info: Finished: Create block symbol file (.bsf)
Info: 
Info: Starting: Create HDL design files for synthesis
Info: ip-generate --project-directory="C:/Users/Ramon Silva/Documents/GitHub/Conect to IoT/" --output-directory="C:/Users/Ramon Silva/Documents/GitHub/Conect to IoT/Project2/synthesis/" --file-set=QUARTUS_SYNTH --report-file="sopcinfo:C:/Users/Ramon Silva/Documents/GitHub/Conect to IoT/Project2.sopcinfo" --report-file="html:C:/Users/Ramon Silva/Documents/GitHub/Conect to IoT/Project2.html" --report-file="qip:C:/Users/Ramon Silva/Documents/GitHub/Conect to IoT/Project2/synthesis/Project2.qip" --report-file="cmp:C:/Users/Ramon Silva/Documents/GitHub/Conect to IoT/Project2.cmp" --report-file=svd --system-info=DEVICE_FAMILY="Cyclone IV E" --system-info=DEVICE=EP4CE30F23C7 --system-info=DEVICE_SPEEDGRADE=7 --component-file="C:/Users/Ramon Silva/Documents/GitHub/Conect to IoT/Project2.qsys" --language=VERILOG
Progress: Loading Conect to IoT/Project2.qsys
Progress: Reading input file
Progress: Adding clk_0 [clock_source 13.0]
Progress: Parameterizing module clk_0
Progress: Adding nios2_qsys_0 [altera_nios2_qsys 13.0]
Progress: Parameterizing module nios2_qsys_0
Progress: Adding onchip_memory2_0 [altera_avalon_onchip_memory2 13.0.1.99.2]
Progress: Parameterizing module onchip_memory2_0
Progress: Adding jtag_uart_0 [altera_avalon_jtag_uart 13.0.1.99.2]
Progress: Parameterizing module jtag_uart_0
Progress: Adding rs232_0 [altera_up_avalon_rs232 13.0]
Progress: Parameterizing module rs232_0
Progress: Adding buttons [altera_avalon_pio 13.0.1.99.2]
Progress: Parameterizing module buttons
Progress: Adding lcd_0 [lcd 1.0]
Progress: Parameterizing module lcd_0
Progress: Building connections
Progress: Parameterizing connections
Progress: Validating
Progress: Done reading input file
Info: Project2.buttons: PIO inputs are not hardwired in test bench. Undefined values will be read from PIO inputs during simulation.
Info: Project2: Generating Project2 "Project2" for QUARTUS_SYNTH
Info: pipeline_bridge_swap_transform: After transform: 7 modules, 24 connections
Info: merlin_custom_instruction_transform: After transform: 10 modules, 27 connections
Info: merlin_translator_transform: After transform: 17 modules, 48 connections
Info: merlin_domain_transform: After transform: 30 modules, 112 connections
Info: merlin_router_transform: After transform: 37 modules, 133 connections
Info: reset_adaptation_transform: After transform: 38 modules, 135 connections
Info: merlin_network_to_switch_transform: After transform: 51 modules, 169 connections
Info: merlin_mm_transform: After transform: 51 modules, 169 connections
Info: merlin_interrupt_mapper_transform: After transform: 52 modules, 172 connections
Warning: Project2: "No matching role found for nios2_qsys_0_custom_instruction_master_multi_xconnect:ci_slave:ci_slave_ipending (ipending)"
Warning: Project2: "No matching role found for nios2_qsys_0_custom_instruction_master_multi_xconnect:ci_slave:ci_slave_estatus (estatus)"
Warning: Project2: "No matching role found for rst_controller:reset_out:reset_req (reset_req)"
Warning: Project2: "No matching role found for rst_controller:reset_out:reset_req (reset_req)"
Warning: Project2: "No matching role found for rst_controller:reset_out:reset_req (reset_req)"
Warning: Project2: "No matching role found for rst_controller:reset_out:reset_req (reset_req)"
Warning: Project2: "No matching role found for rst_controller:reset_out:reset_req (reset_req)"
Warning: Project2: "No matching role found for rst_controller:reset_out:reset_req (reset_req)"
Warning: Project2: "No matching role found for rst_controller:reset_out:reset_req (reset_req)"
Warning: Project2: "No matching role found for rst_controller:reset_out:reset_req (reset_req)"
Warning: Project2: "No matching role found for rst_controller:reset_out:reset_req (reset_req)"
Warning: Project2: "No matching role found for rst_controller:reset_out:reset_req (reset_req)"
Warning: Project2: "No matching role found for rst_controller:reset_out:reset_req (reset_req)"
Warning: Project2: "No matching role found for rst_controller:reset_out:reset_req (reset_req)"
Warning: Project2: "No matching role found for rst_controller:reset_out:reset_req (reset_req)"
Warning: Project2: "No matching role found for rst_controller:reset_out:reset_req (reset_req)"
Warning: Project2: "No matching role found for rst_controller:reset_out:reset_req (reset_req)"
Warning: Project2: "No matching role found for rst_controller:reset_out:reset_req (reset_req)"
Warning: Project2: "No matching role found for rst_controller:reset_out:reset_req (reset_req)"
Warning: Project2: "No matching role found for rst_controller:reset_out:reset_req (reset_req)"
Warning: Project2: "No matching role found for rst_controller:reset_out:reset_req (reset_req)"
Warning: Project2: "No matching role found for rst_controller:reset_out:reset_req (reset_req)"
Warning: Project2: "No matching role found for rst_controller:reset_out:reset_req (reset_req)"
Warning: Project2: "No matching role found for rst_controller:reset_out:reset_req (reset_req)"
Warning: Project2: "No matching role found for rst_controller:reset_out:reset_req (reset_req)"
Warning: Project2: "No matching role found for rst_controller:reset_out:reset_req (reset_req)"
Warning: Project2: "No matching role found for rst_controller:reset_out:reset_req (reset_req)"
Warning: Project2: "No matching role found for rst_controller:reset_out:reset_req (reset_req)"
Warning: Project2: "No matching role found for rst_controller:reset_out:reset_req (reset_req)"
Warning: Project2: "No matching role found for rst_controller:reset_out:reset_req (reset_req)"
Warning: Project2: "No matching role found for rst_controller:reset_out:reset_req (reset_req)"
Warning: Project2: "No matching role found for rst_controller:reset_out:reset_req (reset_req)"
Warning: Project2: "No matching role found for rst_controller:reset_out:reset_req (reset_req)"
Warning: Project2: "No matching role found for rst_controller:reset_out:reset_req (reset_req)"
Warning: Project2: "No matching role found for rst_controller:reset_out:reset_req (reset_req)"
Warning: Project2: "No matching role found for rst_controller:reset_out:reset_req (reset_req)"
Warning: Project2: "No matching role found for rst_controller:reset_out:reset_req (reset_req)"
Warning: Project2: "No matching role found for rst_controller:reset_out:reset_req (reset_req)"
Warning: Project2: "No matching role found for rst_controller:reset_out:reset_req (reset_req)"
Warning: Project2: "No matching role found for rst_controller:reset_out:reset_req (reset_req)"
Warning: Project2: "No matching role found for rst_controller:reset_out:reset_req (reset_req)"
Warning: Project2: "No matching role found for rst_controller:reset_out:reset_req (reset_req)"
Warning: Project2: "No matching role found for rst_controller:reset_out:reset_req (reset_req)"
Warning: Project2: "No matching role found for rst_controller:reset_out:reset_req (reset_req)"
Warning: Project2: "No matching role found for rst_controller:reset_out:reset_req (reset_req)"
Warning: Project2: "No matching role found for rst_controller:reset_out:reset_req (reset_req)"
Warning: Project2: "No matching role found for rst_controller:reset_out:reset_req (reset_req)"
Info: nios2_qsys_0: Starting RTL generation for module 'Project2_nios2_qsys_0'
Info: nios2_qsys_0:   Generation command is [exec C:/altera/13.0sp1/quartus/../ip/altera/nios2_ip/altera_nios2/eperl.exe -I C:/altera/13.0sp1/quartus/common/ip/altera/common/perl/5.8.3 -I C:/altera/13.0sp1/quartus/sopc_builder/bin/europa -I C:/altera/13.0sp1/quartus/sopc_builder/bin/perl_lib -I C:/altera/13.0sp1/quartus/sopc_builder/bin -I C:/altera/13.0sp1/quartus/../ip/altera/nios2_ip/altera_nios2/cpu_lib -I C:/altera/13.0sp1/quartus/../ip/altera/nios2_ip/altera_nios2/nios_lib -I C:/altera/13.0sp1/quartus/../ip/altera/nios2_ip/altera_nios2 -I C:/altera/13.0sp1/quartus/../ip/altera/nios2_ip/altera_nios2 -- C:/altera/13.0sp1/quartus/../ip/altera/nios2_ip/altera_nios2/generate_rtl.epl --name=Project2_nios2_qsys_0 --dir=C:/Users/RAMONS~1/AppData/Local/Temp/alt8100_9211616186891343335.dir/0021_nios2_qsys_0_gen/ --quartus_dir=C:/altera/13.0sp1/quartus --verilog --config=C:/Users/RAMONS~1/AppData/Local/Temp/alt8100_9211616186891343335.dir/0021_nios2_qsys_0_gen//Project2_nios2_qsys_0_processor_configuration.pl  --do_build_sim=0    --bogus  ]
Info: nios2_qsys_0: # 2019.07.23 01:29:28 (*) Starting Nios II generation
Info: nios2_qsys_0: # 2019.07.23 01:29:28 (*)   Checking for plaintext license.
Info: nios2_qsys_0: # 2019.07.23 01:29:28 (*)   Couldn't query license setup in Quartus directory C:/altera/13.0sp1/quartus
Info: nios2_qsys_0: # 2019.07.23 01:29:28 (*)   Defaulting to contents of LM_LICENSE_FILE environment variable
Info: nios2_qsys_0: # 2019.07.23 01:29:28 (*)   LM_LICENSE_FILE environment variable is empty
Info: nios2_qsys_0: # 2019.07.23 01:29:28 (*)   Plaintext license not found.
Info: nios2_qsys_0: # 2019.07.23 01:29:28 (*)   No license required to generate encrypted Nios II/e.
Info: nios2_qsys_0: # 2019.07.23 01:29:28 (*)   Elaborating CPU configuration settings
Info: nios2_qsys_0: # 2019.07.23 01:29:28 (*)   Creating all objects for CPU
Info: nios2_qsys_0: # 2019.07.23 01:29:30 (*)   Generating RTL from CPU objects
Info: nios2_qsys_0: # 2019.07.23 01:29:30 (*)   Creating plain-text RTL
Info: nios2_qsys_0: # 2019.07.23 01:29:32 (*) Done Nios II generation
Info: nios2_qsys_0: Done RTL generation for module 'Project2_nios2_qsys_0'
Info: nios2_qsys_0: "Project2" instantiated altera_nios2_qsys "nios2_qsys_0"
Info: onchip_memory2_0: Starting RTL generation for module 'Project2_onchip_memory2_0'
Info: onchip_memory2_0:   Generation command is [exec C:/altera/13.0sp1/quartus/bin/perl/bin/perl.exe -I C:/altera/13.0sp1/quartus/common/ip/altera/common/perl/5.8.3 -I C:/altera/13.0sp1/quartus/sopc_builder/bin/europa -I C:/altera/13.0sp1/quartus/sopc_builder/bin/perl_lib -I C:/altera/13.0sp1/quartus/sopc_builder/bin -I C:/altera/13.0sp1/quartus/../ip/altera/sopc_builder_ip/common -I C:/altera/13.0sp1/quartus/../ip/altera/sopc_builder_ip/altera_avalon_onchip_memory2 -- C:/altera/13.0sp1/quartus/../ip/altera/sopc_builder_ip/altera_avalon_onchip_memory2/generate_rtl.pl --name=Project2_onchip_memory2_0 --dir=C:/Users/RAMONS~1/AppData/Local/Temp/alt8100_9211616186891343335.dir/0022_onchip_memory2_0_gen/ --quartus_dir=C:/altera/13.0sp1/quartus --verilog --config=C:/Users/RAMONS~1/AppData/Local/Temp/alt8100_9211616186891343335.dir/0022_onchip_memory2_0_gen//Project2_onchip_memory2_0_component_configuration.pl  --do_build_sim=0  ]
Info: onchip_memory2_0: Done RTL generation for module 'Project2_onchip_memory2_0'
Info: onchip_memory2_0: "Project2" instantiated altera_avalon_onchip_memory2 "onchip_memory2_0"
Info: jtag_uart_0: Starting RTL generation for module 'Project2_jtag_uart_0'
Info: jtag_uart_0:   Generation command is [exec C:/altera/13.0sp1/quartus/bin/perl/bin/perl.exe -I C:/altera/13.0sp1/quartus/common/ip/altera/common/perl/5.8.3 -I C:/altera/13.0sp1/quartus/sopc_builder/bin/europa -I C:/altera/13.0sp1/quartus/sopc_builder/bin/perl_lib -I C:/altera/13.0sp1/quartus/sopc_builder/bin -I C:/altera/13.0sp1/quartus/../ip/altera/sopc_builder_ip/common -I C:/altera/13.0sp1/quartus/../ip/altera/sopc_builder_ip/altera_avalon_jtag_uart -- C:/altera/13.0sp1/quartus/../ip/altera/sopc_builder_ip/altera_avalon_jtag_uart/generate_rtl.pl --name=Project2_jtag_uart_0 --dir=C:/Users/RAMONS~1/AppData/Local/Temp/alt8100_9211616186891343335.dir/0023_jtag_uart_0_gen/ --quartus_dir=C:/altera/13.0sp1/quartus --verilog --config=C:/Users/RAMONS~1/AppData/Local/Temp/alt8100_9211616186891343335.dir/0023_jtag_uart_0_gen//Project2_jtag_uart_0_component_configuration.pl  --do_build_sim=0  ]
Info: jtag_uart_0: Done RTL generation for module 'Project2_jtag_uart_0'
Info: jtag_uart_0: "Project2" instantiated altera_avalon_jtag_uart "jtag_uart_0"
Info: rs232_0: Starting Generation of RS232 UART
Info: rs232_0: "Project2" instantiated altera_up_avalon_rs232 "rs232_0"
Info: buttons: Starting RTL generation for module 'Project2_buttons'
Info: buttons:   Generation command is [exec C:/altera/13.0sp1/quartus/bin/perl/bin/perl.exe -I C:/altera/13.0sp1/quartus/common/ip/altera/common/perl/5.8.3 -I C:/altera/13.0sp1/quartus/sopc_builder/bin/europa -I C:/altera/13.0sp1/quartus/sopc_builder/bin/perl_lib -I C:/altera/13.0sp1/quartus/sopc_builder/bin -I C:/altera/13.0sp1/quartus/../ip/altera/sopc_builder_ip/common -I C:/altera/13.0sp1/quartus/../ip/altera/sopc_builder_ip/altera_avalon_pio -- C:/altera/13.0sp1/quartus/../ip/altera/sopc_builder_ip/altera_avalon_pio/generate_rtl.pl --name=Project2_buttons --dir=C:/Users/RAMONS~1/AppData/Local/Temp/alt8100_9211616186891343335.dir/0025_buttons_gen/ --quartus_dir=C:/altera/13.0sp1/quartus --verilog --config=C:/Users/RAMONS~1/AppData/Local/Temp/alt8100_9211616186891343335.dir/0025_buttons_gen//Project2_buttons_component_configuration.pl  --do_build_sim=0  ]
Info: buttons: Done RTL generation for module 'Project2_buttons'
Info: buttons: "Project2" instantiated altera_avalon_pio "buttons"
Info: lcd_0: "Project2" instantiated lcd "lcd_0"
Info: nios2_qsys_0_custom_instruction_master_translator: "Project2" instantiated altera_customins_master_translator "nios2_qsys_0_custom_instruction_master_translator"
Info: nios2_qsys_0_custom_instruction_master_multi_xconnect: "Project2" instantiated altera_customins_xconnect "nios2_qsys_0_custom_instruction_master_multi_xconnect"
Info: nios2_qsys_0_custom_instruction_master_multi_slave_translator0: "Project2" instantiated altera_customins_slave_translator "nios2_qsys_0_custom_instruction_master_multi_slave_translator0"
Info: nios2_qsys_0_instruction_master_translator: "Project2" instantiated altera_merlin_master_translator "nios2_qsys_0_instruction_master_translator"
Info: nios2_qsys_0_jtag_debug_module_translator: "Project2" instantiated altera_merlin_slave_translator "nios2_qsys_0_jtag_debug_module_translator"
Info: nios2_qsys_0_instruction_master_translator_avalon_universal_master_0_agent: "Project2" instantiated altera_merlin_master_agent "nios2_qsys_0_instruction_master_translator_avalon_universal_master_0_agent"
Info: nios2_qsys_0_jtag_debug_module_translator_avalon_universal_slave_0_agent: "Project2" instantiated altera_merlin_slave_agent "nios2_qsys_0_jtag_debug_module_translator_avalon_universal_slave_0_agent"
Info: nios2_qsys_0_jtag_debug_module_translator_avalon_universal_slave_0_agent_rsp_fifo: "Project2" instantiated altera_avalon_sc_fifo "nios2_qsys_0_jtag_debug_module_translator_avalon_universal_slave_0_agent_rsp_fifo"
Info: addr_router: "Project2" instantiated altera_merlin_router "addr_router"
Info: id_router: "Project2" instantiated altera_merlin_router "id_router"
Info: rst_controller: "Project2" instantiated altera_reset_controller "rst_controller"
Info: cmd_xbar_demux: "Project2" instantiated altera_merlin_demultiplexer "cmd_xbar_demux"
Info: cmd_xbar_mux: "Project2" instantiated altera_merlin_multiplexer "cmd_xbar_mux"
Info: rsp_xbar_demux: "Project2" instantiated altera_merlin_demultiplexer "rsp_xbar_demux"
Info: rsp_xbar_mux: "Project2" instantiated altera_merlin_multiplexer "rsp_xbar_mux"
Info: Reusing file C:/Users/Ramon Silva/Documents/GitHub/Conect to IoT/Project2/synthesis/submodules/altera_merlin_arbitrator.sv
Info: irq_mapper: "Project2" instantiated altera_irq_mapper "irq_mapper"
Info: Project2: Done Project2" with 23 modules, 79 files, 1423970 bytes
Info: ip-generate succeeded.
Info: Finished: Create HDL design files for synthesis
