Flow report for Project2
Sun Jul 28 22:58:51 2019
Quartus II 64-Bit Version 13.0.1 Build 232 06/12/2013 Service Pack 1 SJ Web Edition


---------------------
; Table of Contents ;
---------------------
  1. Legal Notice
  2. Flow Summary
  3. Flow Settings
  4. Flow Non-Default Global Settings
  5. Flow Elapsed Time
  6. Flow OS Summary
  7. Flow Log
  8. Flow Messages
  9. Flow Suppressed Messages



----------------
; Legal Notice ;
----------------
Copyright (C) 1991-2013 Altera Corporation
Your use of Altera Corporation's design tools, logic functions 
and other software and tools, and its AMPP partner logic 
functions, and any output files from any of the foregoing 
(including device programming or simulation files), and any 
associated documentation or information are expressly subject 
to the terms and conditions of the Altera Program License 
Subscription Agreement, Altera MegaCore Function License 
Agreement, or other applicable license agreement, including, 
without limitation, that your use is for the sole purpose of 
programming logic devices manufactured by Altera and sold by 
Altera or its authorized distributors.  Please refer to the 
applicable agreement for further details.



+--------------------------------------------------------------------------------------+
; Flow Summary                                                                         ;
+------------------------------------+-------------------------------------------------+
; Flow Status                        ; Successful - Sun Jul 28 22:58:45 2019           ;
; Quartus II 64-Bit Version          ; 13.0.1 Build 232 06/12/2013 SP 1 SJ Web Edition ;
; Revision Name                      ; Project2                                        ;
; Top-level Entity Name              ; mainProjectBlock                                ;
; Family                             ; Cyclone IV E                                    ;
; Device                             ; EP4CE30F23C7                                    ;
; Timing Models                      ; Final                                           ;
; Total logic elements               ; 1,990 / 28,848 ( 7 % )                          ;
;     Total combinational functions  ; 1,889 / 28,848 ( 7 % )                          ;
;     Dedicated logic registers      ; 1,129 / 28,848 ( 4 % )                          ;
; Total registers                    ; 1129                                            ;
; Total pins                         ; 27 / 329 ( 8 % )                                ;
; Total virtual pins                 ; 0                                               ;
; Total memory bits                  ; 46,080 / 608,256 ( 8 % )                        ;
; Embedded Multiplier 9-bit elements ; 0 / 132 ( 0 % )                                 ;
; Total PLLs                         ; 0 / 4 ( 0 % )                                   ;
+------------------------------------+-------------------------------------------------+


+-----------------------------------------+
; Flow Settings                           ;
+-------------------+---------------------+
; Option            ; Setting             ;
+-------------------+---------------------+
; Start date & time ; 07/28/2019 22:58:05 ;
; Main task         ; Compilation         ;
; Revision Name     ; Project2            ;
+-------------------+---------------------+


+------------------------------------------------------------------------------------------------------------------------------------------------------------------------------------------------+
; Flow Non-Default Global Settings                                                                                                                                                               ;
+-------------------------------------+------------------------------------------------------------+---------------+----------------------------------------------------------------+------------+
; Assignment Name                     ; Value                                                      ; Default Value ; Entity Name                                                    ; Section Id ;
+-------------------------------------+------------------------------------------------------------+---------------+----------------------------------------------------------------+------------+
; COMPILER_SIGNATURE_ID               ; 167690714103691.156436548514008                            ; --            ; --                                                             ; --         ;
; IP_TOOL_ENV                         ; Qsys                                                       ; --            ; --                                                             ; --         ;
; IP_TOOL_ENV                         ; Qsys                                                       ; --            ; Project2_addr_router                                           ; --         ;
; IP_TOOL_ENV                         ; Qsys                                                       ; --            ; Project2_buttons                                               ; --         ;
; IP_TOOL_ENV                         ; Qsys                                                       ; --            ; Project2_cmd_xbar_demux                                        ; --         ;
; IP_TOOL_ENV                         ; Qsys                                                       ; --            ; Project2_cmd_xbar_mux                                          ; --         ;
; IP_TOOL_ENV                         ; Qsys                                                       ; --            ; Project2_id_router                                             ; --         ;
; IP_TOOL_ENV                         ; Qsys                                                       ; --            ; Project2_irq_mapper                                            ; --         ;
; IP_TOOL_ENV                         ; Qsys                                                       ; --            ; Project2_jtag_uart_0                                           ; --         ;
; IP_TOOL_ENV                         ; Qsys                                                       ; --            ; Project2_nios2_qsys_0                                          ; --         ;
; IP_TOOL_ENV                         ; Qsys                                                       ; --            ; Project2_nios2_qsys_0_custom_instruction_master_multi_xconnect ; --         ;
; IP_TOOL_ENV                         ; Qsys                                                       ; --            ; Project2_onchip_memory2_0                                      ; --         ;
; IP_TOOL_ENV                         ; Qsys                                                       ; --            ; Project2_rsp_xbar_demux                                        ; --         ;
; IP_TOOL_ENV                         ; Qsys                                                       ; --            ; Project2_rsp_xbar_mux                                          ; --         ;
; IP_TOOL_ENV                         ; Qsys                                                       ; --            ; altera_avalon_sc_fifo                                          ; --         ;
; IP_TOOL_ENV                         ; Qsys                                                       ; --            ; altera_customins_master_translator                             ; --         ;
; IP_TOOL_ENV                         ; Qsys                                                       ; --            ; altera_customins_slave_translator                              ; --         ;
; IP_TOOL_ENV                         ; Qsys                                                       ; --            ; altera_merlin_master_agent                                     ; --         ;
; IP_TOOL_ENV                         ; Qsys                                                       ; --            ; altera_merlin_master_translator                                ; --         ;
; IP_TOOL_ENV                         ; Qsys                                                       ; --            ; altera_merlin_slave_agent                                      ; --         ;
; IP_TOOL_ENV                         ; Qsys                                                       ; --            ; altera_merlin_slave_translator                                 ; --         ;
; IP_TOOL_ENV                         ; Qsys                                                       ; --            ; altera_reset_controller                                        ; --         ;
; IP_TOOL_NAME                        ; Qsys                                                       ; --            ; --                                                             ; --         ;
; IP_TOOL_NAME                        ; altera_merlin_router                                       ; --            ; Project2_addr_router                                           ; --         ;
; IP_TOOL_NAME                        ; altera_avalon_pio                                          ; --            ; Project2_buttons                                               ; --         ;
; IP_TOOL_NAME                        ; altera_merlin_demultiplexer                                ; --            ; Project2_cmd_xbar_demux                                        ; --         ;
; IP_TOOL_NAME                        ; altera_merlin_multiplexer                                  ; --            ; Project2_cmd_xbar_mux                                          ; --         ;
; IP_TOOL_NAME                        ; altera_merlin_router                                       ; --            ; Project2_id_router                                             ; --         ;
; IP_TOOL_NAME                        ; altera_irq_mapper                                          ; --            ; Project2_irq_mapper                                            ; --         ;
; IP_TOOL_NAME                        ; altera_avalon_jtag_uart                                    ; --            ; Project2_jtag_uart_0                                           ; --         ;
; IP_TOOL_NAME                        ; altera_nios2_qsys                                          ; --            ; Project2_nios2_qsys_0                                          ; --         ;
; IP_TOOL_NAME                        ; altera_customins_xconnect                                  ; --            ; Project2_nios2_qsys_0_custom_instruction_master_multi_xconnect ; --         ;
; IP_TOOL_NAME                        ; altera_avalon_onchip_memory2                               ; --            ; Project2_onchip_memory2_0                                      ; --         ;
; IP_TOOL_NAME                        ; altera_merlin_demultiplexer                                ; --            ; Project2_rsp_xbar_demux                                        ; --         ;
; IP_TOOL_NAME                        ; altera_merlin_multiplexer                                  ; --            ; Project2_rsp_xbar_mux                                          ; --         ;
; IP_TOOL_NAME                        ; altera_avalon_sc_fifo                                      ; --            ; altera_avalon_sc_fifo                                          ; --         ;
; IP_TOOL_NAME                        ; altera_customins_master_translator                         ; --            ; altera_customins_master_translator                             ; --         ;
; IP_TOOL_NAME                        ; altera_customins_slave_translator                          ; --            ; altera_customins_slave_translator                              ; --         ;
; IP_TOOL_NAME                        ; altera_merlin_master_agent                                 ; --            ; altera_merlin_master_agent                                     ; --         ;
; IP_TOOL_NAME                        ; altera_merlin_master_translator                            ; --            ; altera_merlin_master_translator                                ; --         ;
; IP_TOOL_NAME                        ; altera_merlin_slave_agent                                  ; --            ; altera_merlin_slave_agent                                      ; --         ;
; IP_TOOL_NAME                        ; altera_merlin_slave_translator                             ; --            ; altera_merlin_slave_translator                                 ; --         ;
; IP_TOOL_NAME                        ; altera_reset_controller                                    ; --            ; altera_reset_controller                                        ; --         ;
; IP_TOOL_VERSION                     ; 13.0sp1                                                    ; --            ; --                                                             ; --         ;
; IP_TOOL_VERSION                     ; 13.0                                                       ; --            ; Project2_addr_router                                           ; --         ;
; IP_TOOL_VERSION                     ; 13.0.1.99.2                                                ; --            ; Project2_buttons                                               ; --         ;
; IP_TOOL_VERSION                     ; 13.0                                                       ; --            ; Project2_cmd_xbar_demux                                        ; --         ;
; IP_TOOL_VERSION                     ; 13.0                                                       ; --            ; Project2_cmd_xbar_mux                                          ; --         ;
; IP_TOOL_VERSION                     ; 13.0                                                       ; --            ; Project2_id_router                                             ; --         ;
; IP_TOOL_VERSION                     ; 13.0                                                       ; --            ; Project2_irq_mapper                                            ; --         ;
; IP_TOOL_VERSION                     ; 13.0.1.99.2                                                ; --            ; Project2_jtag_uart_0                                           ; --         ;
; IP_TOOL_VERSION                     ; 13.0                                                       ; --            ; Project2_nios2_qsys_0                                          ; --         ;
; IP_TOOL_VERSION                     ; 13.0                                                       ; --            ; Project2_nios2_qsys_0_custom_instruction_master_multi_xconnect ; --         ;
; IP_TOOL_VERSION                     ; 13.0.1.99.2                                                ; --            ; Project2_onchip_memory2_0                                      ; --         ;
; IP_TOOL_VERSION                     ; 13.0                                                       ; --            ; Project2_rsp_xbar_demux                                        ; --         ;
; IP_TOOL_VERSION                     ; 13.0                                                       ; --            ; Project2_rsp_xbar_mux                                          ; --         ;
; IP_TOOL_VERSION                     ; 13.0                                                       ; --            ; altera_avalon_sc_fifo                                          ; --         ;
; IP_TOOL_VERSION                     ; 13.0                                                       ; --            ; altera_customins_master_translator                             ; --         ;
; IP_TOOL_VERSION                     ; 13.0                                                       ; --            ; altera_customins_slave_translator                              ; --         ;
; IP_TOOL_VERSION                     ; 13.0                                                       ; --            ; altera_merlin_master_agent                                     ; --         ;
; IP_TOOL_VERSION                     ; 13.0                                                       ; --            ; altera_merlin_master_translator                                ; --         ;
; IP_TOOL_VERSION                     ; 13.0                                                       ; --            ; altera_merlin_slave_agent                                      ; --         ;
; IP_TOOL_VERSION                     ; 13.0                                                       ; --            ; altera_merlin_slave_translator                                 ; --         ;
; IP_TOOL_VERSION                     ; 13.0                                                       ; --            ; altera_reset_controller                                        ; --         ;
; MAX_CORE_JUNCTION_TEMP              ; 85                                                         ; --            ; --                                                             ; --         ;
; MIN_CORE_JUNCTION_TEMP              ; 0                                                          ; --            ; --                                                             ; --         ;
; MISC_FILE                           ; Project2/synthesis/../../Project2.cmp                      ; --            ; --                                                             ; --         ;
; MISC_FILE                           ; Project2/synthesis/../../Project2.qsys                     ; --            ; --                                                             ; --         ;
; PARTITION_COLOR                     ; 16764057                                                   ; --            ; mainProjectBlock                                               ; Top        ;
; PARTITION_FITTER_PRESERVATION_LEVEL ; PLACEMENT_AND_ROUTING                                      ; --            ; mainProjectBlock                                               ; Top        ;
; PARTITION_NETLIST_TYPE              ; SOURCE                                                     ; --            ; mainProjectBlock                                               ; Top        ;
; POWER_BOARD_THERMAL_MODEL           ; None (CONSERVATIVE)                                        ; --            ; --                                                             ; --         ;
; POWER_PRESET_COOLING_SOLUTION       ; 23 MM HEAT SINK WITH 200 LFPM AIRFLOW                      ; --            ; --                                                             ; --         ;
; PROJECT_OUTPUT_DIRECTORY            ; output_files                                               ; --            ; --                                                             ; --         ;
; SLD_INFO                            ; QSYS_NAME Project2 HAS_SOPCINFO 1 GENERATION_ID 1563856166 ; --            ; --                                                             ; --         ;
; SOPCINFO_FILE                       ; Project2/synthesis/../../Project2.sopcinfo                 ; --            ; --                                                             ; --         ;
; SYNTHESIS_ONLY_QIP                  ; On                                                         ; --            ; --                                                             ; --         ;
; TOP_LEVEL_ENTITY                    ; mainProjectBlock                                           ; Project2      ; --                                                             ; --         ;
+-------------------------------------+------------------------------------------------------------+---------------+----------------------------------------------------------------+------------+


+-------------------------------------------------------------------------------------------------------------------------------+
; Flow Elapsed Time                                                                                                             ;
+---------------------------+--------------+-------------------------+---------------------+------------------------------------+
; Module Name               ; Elapsed Time ; Average Processors Used ; Peak Virtual Memory ; Total CPU Time (on all processors) ;
+---------------------------+--------------+-------------------------+---------------------+------------------------------------+
; Analysis & Synthesis      ; 00:00:17     ; 1.0                     ; 4737 MB             ; 00:00:14                           ;
; Fitter                    ; 00:00:16     ; 1.2                     ; 5225 MB             ; 00:00:17                           ;
; Assembler                 ; 00:00:02     ; 1.0                     ; 4605 MB             ; 00:00:02                           ;
; TimeQuest Timing Analyzer ; 00:00:05     ; 1.0                     ; 4706 MB             ; 00:00:04                           ;
; Total                     ; 00:00:40     ; --                      ; --                  ; 00:00:37                           ;
+---------------------------+--------------+-------------------------+---------------------+------------------------------------+


+----------------------------------------------------------------------------------------+
; Flow OS Summary                                                                        ;
+---------------------------+------------------+-----------+------------+----------------+
; Module Name               ; Machine Hostname ; OS Name   ; OS Version ; Processor type ;
+---------------------------+------------------+-----------+------------+----------------+
; Analysis & Synthesis      ; DESKTOP-KJDD7TF  ; Windows 7 ; 6.2        ; x86_64         ;
; Fitter                    ; DESKTOP-KJDD7TF  ; Windows 7 ; 6.2        ; x86_64         ;
; Assembler                 ; DESKTOP-KJDD7TF  ; Windows 7 ; 6.2        ; x86_64         ;
; TimeQuest Timing Analyzer ; DESKTOP-KJDD7TF  ; Windows 7 ; 6.2        ; x86_64         ;
+---------------------------+------------------+-----------+------------+----------------+


------------
; Flow Log ;
------------
quartus_map --read_settings_files=on --write_settings_files=off Project2 -c Project2
quartus_fit --read_settings_files=off --write_settings_files=off Project2 -c Project2
quartus_asm --read_settings_files=off --write_settings_files=off Project2 -c Project2
quartus_sta Project2 -c Project2



